{
  "RSpec": {
    "coverage": {
      "/Users/Wander/sagat_ai/app/models/bank_account.rb": {
        "lines": [
          1,
          1,
          1,
          1,
          1,
          null,
          1,
          1,
          1,
          null,
          1,
          null,
          1,
          12,
          12,
          12,
          12,
          null,
          null,
          null,
          1,
          null,
          1,
          101,
          null,
          null
        ]
      },
      "/Users/Wander/sagat_ai/app/models/application_record.rb": {
        "lines": [
          1,
          1,
          null
        ]
      },
      "/Users/Wander/sagat_ai/app/models/scheduled_transaction.rb": {
        "lines": [
          1,
          1,
          1,
          null,
          1,
          1,
          1,
          1,
          1,
          null,
          1,
          null,
          1,
          12,
          null,
          11,
          2,
          null,
          null,
          null,
          1,
          12,
          null,
          12,
          2,
          null,
          null,
          null,
          1,
          12,
          1,
          null,
          null,
          null
        ]
      },
      "/Users/Wander/sagat_ai/app/models/transaction.rb": {
        "lines": [
          1,
          1,
          1,
          null,
          1,
          1,
          1,
          58,
          52,
          null,
          1,
          null,
          1,
          5,
          null,
          5,
          5,
          5,
          5,
          null,
          null,
          0,
          null,
          null,
          1,
          5,
          null,
          null,
          1,
          5,
          null,
          null,
          1,
          null,
          1,
          55,
          1,
          null,
          null,
          null,
          1,
          50,
          3,
          null,
          null,
          null,
          1,
          51,
          null,
          null
        ]
      },
      "/Users/Wander/sagat_ai/app/models/user.rb": {
        "lines": [
          1,
          1,
          1,
          null,
          1,
          1,
          1,
          121,
          1,
          null,
          1,
          null,
          1,
          null,
          1,
          120,
          null,
          null,
          1,
          120,
          119,
          119,
          null,
          119,
          119,
          1071,
          null,
          119,
          119,
          null,
          null,
          119,
          119,
          1190,
          null,
          119,
          119,
          null,
          null
        ]
      },
      "/Users/Wander/sagat_ai/app/workers/process_scheduled_transaction_worker.rb": {
        "lines": [
          1,
          1,
          null,
          1,
          1,
          1,
          null,
          1,
          1,
          null,
          1,
          0,
          0,
          null,
          null,
          1,
          null,
          null,
          null,
          null,
          null,
          null,
          null,
          null,
          1,
          1,
          null,
          1,
          null,
          1,
          null,
          0,
          null,
          null
        ]
      },
      "/Users/Wander/sagat_ai/app/controllers/api/v1/auth_controller.rb": {
        "lines": [
          1,
          1,
          1,
          1,
          null,
          1,
          3,
          3,
          2,
          2,
          null,
          1,
          null,
          null,
          null,
          1,
          5,
          5,
          3,
          3,
          3,
          null,
          2,
          null,
          null,
          null,
          1,
          null,
          1,
          5,
          null,
          null,
          null,
          null
        ]
      },
      "/Users/Wander/sagat_ai/app/controllers/application_controller.rb": {
        "lines": [
          1,
          1,
          null
        ]
      },
      "/Users/Wander/sagat_ai/app/controllers/concerns/jwt_authenticatable.rb": {
        "lines": [
          1,
          1,
          null,
          1,
          1,
          1,
          null,
          null,
          1,
          null,
          1,
          32,
          32,
          null,
          32,
          23,
          9,
          9,
          null,
          null,
          null,
          1,
          5,
          null,
          null,
          null
        ]
      },
      "/Users/Wander/sagat_ai/app/controllers/api/v1/bank_accounts_controller.rb": {
        "lines": [
          1,
          1,
          1,
          1,
          null,
          1,
          1,
          null,
          null,
          1,
          1,
          null,
          null,
          1,
          4,
          null,
          null,
          null,
          4,
          4,
          4,
          null,
          null,
          4,
          null,
          4,
          null,
          null,
          null,
          null,
          null,
          null,
          null,
          null,
          null
        ]
      },
      "/Users/Wander/sagat_ai/app/controllers/api/v1/scheduled_transactions_controller.rb": {
        "lines": [
          1,
          1,
          1,
          1,
          6,
          6,
          null,
          6,
          4,
          null,
          null,
          null,
          null,
          4,
          null,
          2,
          null,
          null,
          null,
          1,
          null,
          1,
          6,
          null,
          null,
          null,
          null,
          null,
          null,
          null,
          null,
          null
        ]
      },
      "/Users/Wander/sagat_ai/app/controllers/api/v1/transactions_controller.rb": {
        "lines": [
          1,
          1,
          1,
          1,
          null,
          1,
          5,
          5,
          5,
          null,
          5,
          3,
          3,
          null,
          2,
          null,
          null,
          null,
          1,
          2,
          null,
          null,
          null,
          2,
          2,
          2,
          null,
          2,
          null,
          null,
          1,
          1,
          1,
          null,
          null,
          null,
          null,
          null,
          1,
          null,
          1,
          1,
          1,
          null,
          0,
          null,
          null,
          null,
          1,
          null,
          1,
          5,
          null,
          null,
          null,
          null,
          null,
          null,
          null,
          null
        ]
      },
      "/Users/Wander/sagat_ai/app/controllers/api/v1/users_controller.rb": {
        "lines": [
          1,
          1,
          1,
          1,
          null,
          1,
          1,
          null,
          null,
          1,
          2,
          1,
          null,
          1,
          null,
          null,
          null,
          1,
          null,
          1,
          2,
          null,
          null,
          null,
          null
        ]
      },
      "/Users/Wander/sagat_ai/app/jobs/application_job.rb": {
        "lines": [
          0,
          0
        ],
        "branches": {}
      },
      "/Users/Wander/sagat_ai/app/mailers/application_mailer.rb": {
        "lines": [
          0,
          0,
          0,
          0
        ],
        "branches": {}
      }
    },
    "timestamp": 1748563293
  }
}
